<?xml version="1.0" encoding="UTF-8"?>
<!-- Generated by org.testng.reporters.JUnitReportReporter -->
<testsuite skipped="0" hostname="DESKTOP-HUDNDMF" name="testcases.MaxHeaderPageTest" tests="4" failures="0" timestamp="29 May 2020 16:11:42 GMT" time="81.093" errors="0">
  <testcase name="verifyWomenProductSelection" time="27.904" classname="testcases.MaxHeaderPageTest"/>
  <testcase name="verifyMaxLogoInHeader" time="5.766" classname="testcases.MaxHeaderPageTest"/>
  <testcase name="verifyBasketInformation" time="2.163" classname="testcases.MaxHeaderPageTest"/>
  <testcase name="verifyWomenProductSelection" time="45.260" classname="testcases.MaxHeaderPageTest"/>
</testsuite> <!-- testcases.MaxHeaderPageTest -->
