<?xml version="1.0" encoding="UTF-8"?>
<!-- Generated by org.testng.reporters.JUnitReportReporter -->
<testsuite skipped="0" hostname="DESKTOP-HUDNDMF" name="testcases.MaxMainPageTest" tests="5" failures="0" timestamp="26 May 2020 18:50:52 GMT" time="6.236" errors="0">
  <testcase name="verifyMaxMainCategoryList" time="5.894" classname="testcases.MaxMainPageTest"/>
  <testcase name="verifyMaxMainCategoryList" time="0.071" classname="testcases.MaxMainPageTest"/>
  <testcase name="verifyMaxMainCategoryList" time="0.055" classname="testcases.MaxMainPageTest"/>
  <testcase name="verifyMaxMainCategoryList" time="0.197" classname="testcases.MaxMainPageTest"/>
  <testcase name="verifyMaxMainTotalList" time="0.019" classname="testcases.MaxMainPageTest"/>
</testsuite> <!-- testcases.MaxMainPageTest -->
