<?xml version="1.0" encoding="UTF-8"?>
<!-- Generated by org.testng.reporters.JUnitReportReporter -->
<testsuite skipped="0" hostname="DESKTOP-HUDNDMF" name="testcases.MaxHeaderPageTest" tests="2" failures="0" timestamp="26 May 2020 18:50:52 GMT" time="35.654" errors="0">
  <testcase name="verifyMaxLogoInHeader" time="1.766" classname="testcases.MaxHeaderPageTest"/>
  <testcase name="verifyProductSelection" time="33.888" classname="testcases.MaxHeaderPageTest"/>
</testsuite> <!-- testcases.MaxHeaderPageTest -->
